<?xml version="1.0" encoding="UTF-8"?>
<testsuite xmlns:xsi="http://www.w3.org/2001/XMLSchema-instance" xsi:noNamespaceSchemaLocation="https://maven.apache.org/surefire/maven-surefire-plugin/xsd/surefire-test-report-3.0.xsd" version="3.0" name="com.pholser.junit.quickcheck.generator.java.util.SetOfSuperFloatPropertyParameterTest" time="2.544" tests="1" errors="0" skipped="0" failures="0">
  <properties>
    <property name="awt.toolkit" value="sun.awt.X11.XToolkit"/>
    <property name="nondexStart" value="0"/>
    <property name="java.specification.version" value="11"/>
    <property name="sun.cpu.isalist" value=""/>
    <property name="sun.jnu.encoding" value="UTF-8"/>
    <property name="java.class.path" value="/home/zijie4/cs527/junit-quickcheck/generators/target/test-classes:/home/zijie4/cs527/junit-quickcheck/generators/target/classes:/home/zijie4/.m2/repository/junit/junit/4.13.2/junit-4.13.2.jar:/home/zijie4/.m2/repository/com/pholser/junit-quickcheck-core/1.1-SNAPSHOT/junit-quickcheck-core-1.1-SNAPSHOT.jar:/home/zijie4/.m2/repository/org/javaruntype/javaruntype/1.3/javaruntype-1.3.jar:/home/zijie4/.m2/repository/org/antlr/antlr-runtime/3.1.2/antlr-runtime-3.1.2.jar:/home/zijie4/.m2/repository/ognl/ognl/3.3.4/ognl-3.3.4.jar:/home/zijie4/.m2/repository/org/javassist/javassist/3.29.0-GA/javassist-3.29.0-GA.jar:/home/zijie4/.m2/repository/ru/vyarus/generics-resolver/3.0.3/generics-resolver-3.0.3.jar:/home/zijie4/.m2/repository/org/slf4j/slf4j-api/2.0.7/slf4j-api-2.0.7.jar:/home/zijie4/.m2/repository/org/hamcrest/hamcrest-core/2.2/hamcrest-core-2.2.jar:/home/zijie4/.m2/repository/org/hamcrest/hamcrest/2.2/hamcrest-2.2.jar:/home/zijie4/.m2/repository/org/hamcrest/hamcrest-library/2.2/hamcrest-library-2.2.jar:/home/zijie4/.m2/repository/org/mockito/mockito-core/4.11.0/mockito-core-4.11.0.jar:/home/zijie4/.m2/repository/net/bytebuddy/byte-buddy/1.12.19/byte-buddy-1.12.19.jar:/home/zijie4/.m2/repository/net/bytebuddy/byte-buddy-agent/1.12.19/byte-buddy-agent-1.12.19.jar:/home/zijie4/.m2/repository/org/objenesis/objenesis/3.3/objenesis-3.3.jar:/home/zijie4/.m2/repository/com/google/guava/guava/31.1-jre/guava-31.1-jre.jar:/home/zijie4/.m2/repository/com/google/guava/failureaccess/1.0.1/failureaccess-1.0.1.jar:/home/zijie4/.m2/repository/com/google/guava/listenablefuture/9999.0-empty-to-avoid-conflict-with-guava/listenablefuture-9999.0-empty-to-avoid-conflict-with-guava.jar:/home/zijie4/.m2/repository/com/google/code/findbugs/jsr305/3.0.2/jsr305-3.0.2.jar:/home/zijie4/.m2/repository/org/checkerframework/checker-qual/3.12.0/checker-qual-3.12.0.jar:/home/zijie4/.m2/repository/com/google/errorprone/error_prone_annotations/2.11.0/error_prone_annotations-2.11.0.jar:/home/zijie4/.m2/repository/com/google/j2objc/j2objc-annotations/1.3/j2objc-annotations-1.3.jar:/home/zijie4/.m2/repository/com/google/guava/guava-testlib/31.1-jre/guava-testlib-31.1-jre.jar:/home/zijie4/.m2/repository/ch/qos/logback/logback-classic/1.3.5/logback-classic-1.3.5.jar:/home/zijie4/.m2/repository/ch/qos/logback/logback-core/1.3.5/logback-core-1.3.5.jar:/home/zijie4/.m2/repository/com/pholser/junit-quickcheck-core/1.1-SNAPSHOT/junit-quickcheck-core-1.1-SNAPSHOT-tests.jar:"/>
    <property name="java.vm.vendor" value="Ubuntu"/>
    <property name="nondexPrintstack" value="false"/>
    <property name="sun.arch.data.model" value="64"/>
    <property name="nondexRuns" value="300"/>
    <property name="java.vendor.url" value="https://ubuntu.com/"/>
    <property name="user.timezone" value=""/>
    <property name="os.name" value="Linux"/>
    <property name="java.vm.specification.version" value="11"/>
    <property name="user.country" value="US"/>
    <property name="sun.java.launcher" value="SUN_STANDARD"/>
    <property name="sun.boot.library.path" value="/usr/lib/jvm/java-11-openjdk-amd64/lib"/>
    <property name="nondexLogging" value="CONFIG"/>
    <property name="sun.java.command" value="/home/zijie4/cs527/junit-quickcheck/generators/target/surefire/surefirebooter-20230829025507785_595.jar /home/zijie4/cs527/junit-quickcheck/generators/target/surefire 2023-08-29T02-55-07_670-jvmRun1 surefire-20230829025507785_593tmp surefire_148-20230829025507785_594tmp"/>
    <property name="jdk.debug" value="release"/>
    <property name="test" value="com.pholser.junit.quickcheck.generator.java.util.SetOfSuperFloatPropertyParameterTest#verifyInteractionWithRandomness"/>
    <property name="surefire.test.class.path" value="/home/zijie4/cs527/junit-quickcheck/generators/target/test-classes:/home/zijie4/cs527/junit-quickcheck/generators/target/classes:/home/zijie4/.m2/repository/junit/junit/4.13.2/junit-4.13.2.jar:/home/zijie4/.m2/repository/com/pholser/junit-quickcheck-core/1.1-SNAPSHOT/junit-quickcheck-core-1.1-SNAPSHOT.jar:/home/zijie4/.m2/repository/org/javaruntype/javaruntype/1.3/javaruntype-1.3.jar:/home/zijie4/.m2/repository/org/antlr/antlr-runtime/3.1.2/antlr-runtime-3.1.2.jar:/home/zijie4/.m2/repository/ognl/ognl/3.3.4/ognl-3.3.4.jar:/home/zijie4/.m2/repository/org/javassist/javassist/3.29.0-GA/javassist-3.29.0-GA.jar:/home/zijie4/.m2/repository/ru/vyarus/generics-resolver/3.0.3/generics-resolver-3.0.3.jar:/home/zijie4/.m2/repository/org/slf4j/slf4j-api/2.0.7/slf4j-api-2.0.7.jar:/home/zijie4/.m2/repository/org/hamcrest/hamcrest-core/2.2/hamcrest-core-2.2.jar:/home/zijie4/.m2/repository/org/hamcrest/hamcrest/2.2/hamcrest-2.2.jar:/home/zijie4/.m2/repository/org/hamcrest/hamcrest-library/2.2/hamcrest-library-2.2.jar:/home/zijie4/.m2/repository/org/mockito/mockito-core/4.11.0/mockito-core-4.11.0.jar:/home/zijie4/.m2/repository/net/bytebuddy/byte-buddy/1.12.19/byte-buddy-1.12.19.jar:/home/zijie4/.m2/repository/net/bytebuddy/byte-buddy-agent/1.12.19/byte-buddy-agent-1.12.19.jar:/home/zijie4/.m2/repository/org/objenesis/objenesis/3.3/objenesis-3.3.jar:/home/zijie4/.m2/repository/com/google/guava/guava/31.1-jre/guava-31.1-jre.jar:/home/zijie4/.m2/repository/com/google/guava/failureaccess/1.0.1/failureaccess-1.0.1.jar:/home/zijie4/.m2/repository/com/google/guava/listenablefuture/9999.0-empty-to-avoid-conflict-with-guava/listenablefuture-9999.0-empty-to-avoid-conflict-with-guava.jar:/home/zijie4/.m2/repository/com/google/code/findbugs/jsr305/3.0.2/jsr305-3.0.2.jar:/home/zijie4/.m2/repository/org/checkerframework/checker-qual/3.12.0/checker-qual-3.12.0.jar:/home/zijie4/.m2/repository/com/google/errorprone/error_prone_annotations/2.11.0/error_prone_annotations-2.11.0.jar:/home/zijie4/.m2/repository/com/google/j2objc/j2objc-annotations/1.3/j2objc-annotations-1.3.jar:/home/zijie4/.m2/repository/com/google/guava/guava-testlib/31.1-jre/guava-testlib-31.1-jre.jar:/home/zijie4/.m2/repository/ch/qos/logback/logback-classic/1.3.5/logback-classic-1.3.5.jar:/home/zijie4/.m2/repository/ch/qos/logback/logback-core/1.3.5/logback-core-1.3.5.jar:/home/zijie4/.m2/repository/com/pholser/junit-quickcheck-core/1.1-SNAPSHOT/junit-quickcheck-core-1.1-SNAPSHOT-tests.jar:"/>
    <property name="nondexExecid" value="ae6yHrZkPs0xi8UCcActaZYwv+425azIm749yfa3QQ="/>
    <property name="sun.cpu.endian" value="little"/>
    <property name="user.home" value="/home/zijie4"/>
    <property name="user.language" value="en"/>
    <property name="java.specification.vendor" value="Oracle Corporation"/>
    <property name="java.version.date" value="2023-07-18"/>
    <property name="java.home" value="/usr/lib/jvm/java-11-openjdk-amd64"/>
    <property name="basedir" value="/home/zijie4/cs527/junit-quickcheck/generators"/>
    <property name="file.separator" value="/"/>
    <property name="java.vm.compressedOopsMode" value="32-bit"/>
    <property name="line.separator" value="&#10;"/>
    <property name="nondexEnd" value="9223372036854775807"/>
    <property name="java.vm.specification.vendor" value="Oracle Corporation"/>
    <property name="java.specification.name" value="Java Platform API Specification"/>
    <property name="java.awt.graphicsenv" value="sun.awt.X11GraphicsEnvironment"/>
    <property name="nondexFilter" value=".*"/>
    <property name="nondexSeed" value="6984002"/>
    <property name="surefire.real.class.path" value="/home/zijie4/cs527/junit-quickcheck/generators/target/surefire/surefirebooter-20230829025507785_595.jar"/>
    <property name="sun.management.compiler" value="HotSpot 64-Bit Tiered Compilers"/>
    <property name="java.runtime.version" value="11.0.20+8-post-Ubuntu-1ubuntu120.04"/>
    <property name="user.name" value="zijie4"/>
    <property name="path.separator" value=":"/>
    <property name="os.version" value="5.4.0-156-generic"/>
    <property name="java.runtime.name" value="OpenJDK Runtime Environment"/>
    <property name="file.encoding" value="UTF-8"/>
    <property name="java.vm.name" value="OpenJDK 64-Bit Server VM"/>
    <property name="localRepository" value="/home/zijie4/.m2/repository"/>
    <property name="nondexDir" value="/home/zijie4/cs527/junit-quickcheck/generators/.nondex"/>
    <property name="nondexJarDir" value="/home/zijie4/cs527/junit-quickcheck/generators/.nondex"/>
    <property name="java.vendor.url.bug" value="https://bugs.launchpad.net/ubuntu/+source/openjdk-lts"/>
    <property name="java.io.tmpdir" value="/tmp"/>
    <property name="java.version" value="11.0.20"/>
    <property name="user.dir" value="/home/zijie4/cs527/junit-quickcheck/generators"/>
    <property name="os.arch" value="amd64"/>
    <property name="nondexMode" value="FULL"/>
    <property name="java.vm.specification.name" value="Java Virtual Machine Specification"/>
    <property name="java.awt.printerjob" value="sun.print.PSPrinterJob"/>
    <property name="sun.os.patch.level" value="unknown"/>
    <property name="java.library.path" value="/usr/java/packages/lib:/usr/lib/x86_64-linux-gnu/jni:/lib/x86_64-linux-gnu:/usr/lib/x86_64-linux-gnu:/usr/lib/jni:/lib:/usr/lib"/>
    <property name="java.vm.info" value="mixed mode"/>
    <property name="java.vendor" value="Ubuntu"/>
    <property name="java.vm.version" value="11.0.20+8-post-Ubuntu-1ubuntu120.04"/>
    <property name="java.specification.maintenance.version" value="2"/>
    <property name="sun.io.unicode.encoding" value="UnicodeLittle"/>
    <property name="java.class.version" value="55.0"/>
  </properties>
  <testcase name="verifyInteractionWithRandomness" classname="com.pholser.junit.quickcheck.generator.java.util.SetOfSuperFloatPropertyParameterTest" time="2.543">
    <system-out><![CDATA[in floats
class java.lang.Float
class java.lang.Number
interface java.io.Serializable
interface java.lang.Comparable
class java.lang.Object
TYPE_BEARER
interface java.util.Set
java.util.Set<? super java.lang.Float>
In forfirld
TYPE_BEARER
sun.reflect.annotation.AnnotatedTypeFactory$AnnotatedParameterizedTypeImpl@77fb1002
com.pholser.junit.quickcheck.generator.java.util.SetOfSuperFloatPropertyParameterTest
Set<? super Float>
java.util.Set<? super java.lang.Float>
TYPE_BEARER
interface java.util.Set
java.util.Set<? super java.lang.Float>
generatorFor
com.pholser.junit.quickcheck.generator.java.util.SetOfSuperFloatPropertyParameterTest
interface java.util.Set
In compose
maybeaddgeneratorsFor
interface java.util.Set
generatorsFor
interface java.util.Set
Matches generators
com.pholser.junit.quickcheck.generator.java.util.HashSetGenerator@2411b935
com.pholser.junit.quickcheck.generator.java.util.LinkedHashSetGenerator@4fe4503a
In choose
2
end choose
com.pholser.junit.quickcheck.generator.java.util.HashSetGenerator@2411b935
com.pholser.junit.quickcheck.generator.java.util.LinkedHashSetGenerator@4fe4503a
0
com.pholser.junit.quickcheck.generator.java.util.SetOfSuperFloatPropertyParameterTest
com.pholser.junit.quickcheck.generator.java.util.HashSetGenerator@39ac8c0c
Else In hasGeneratorsFor generators
com.pholser.junit.quickcheck.generator.java.util.HashSetGenerator@39ac8c0c
In match generators
com.pholser.junit.quickcheck.generator.java.util.HashSetGenerator@39ac8c0c
In compose weigghetd fn
typeParameterContexts
1
java.lang.Float
In supertype type parameter
class java.lang.Float
interface java.lang.Comparable
interface java.io.Serializable
class java.lang.Number
class java.lang.Object
class java.lang.Float
interface java.lang.Comparable
interface java.io.Serializable
class java.lang.Number
class java.lang.Object
In choose
5
end choose
java.lang.Float
java.lang.Comparable<java.lang.Float>
java.io.Serializable
java.lang.Number
java.lang.Object
0
addSup func
java.lang.Float
class java.lang.Float
class java.lang.Float
generatorFor
java.util.Set<? super java.lang.Float>
class java.lang.Float
In compose
maybeaddgeneratorsFor
class java.lang.Float
generatorsFor
class java.lang.Float
Matches generators
com.pholser.junit.quickcheck.generator.java.lang.FloatGenerator@3292eff7
In choose
1
java.util.Set<? super java.lang.Float>
com.pholser.junit.quickcheck.generator.java.lang.FloatGenerator@78b8f818
Else In hasGeneratorsFor generators
com.pholser.junit.quickcheck.generator.java.lang.FloatGenerator@78b8f818
In match generators
com.pholser.junit.quickcheck.generator.java.lang.FloatGenerator@78b8f818
In compose weigghetd fn
typeParameterContexts
com.pholser.junit.quickcheck.generator.java.lang.FloatGenerator@78b8f818
maybeaddgeneratorsFor
class java.lang.Float
generatorsFor
class java.lang.Float
Matches generators
com.pholser.junit.quickcheck.generator.java.lang.FloatGenerator@3292eff7
In choose
1
java.util.Set<? super java.lang.Float>
com.pholser.junit.quickcheck.generator.java.lang.FloatGenerator@1e9d721
Else In hasGeneratorsFor generators
com.pholser.junit.quickcheck.generator.java.lang.FloatGenerator@1e9d721
In match generators
com.pholser.junit.quickcheck.generator.java.lang.FloatGenerator@1e9d721
In compose weigghetd fn
typeParameterContexts
com.pholser.junit.quickcheck.generator.java.util.HashSetGenerator@39ac8c0c
maybeaddgeneratorsFor
interface java.util.Set
generatorsFor
interface java.util.Set
Matches generators
com.pholser.junit.quickcheck.generator.java.util.HashSetGenerator@2411b935
com.pholser.junit.quickcheck.generator.java.util.LinkedHashSetGenerator@4fe4503a
In choose
2
end choose
com.pholser.junit.quickcheck.generator.java.util.HashSetGenerator@2411b935
com.pholser.junit.quickcheck.generator.java.util.LinkedHashSetGenerator@4fe4503a
0
com.pholser.junit.quickcheck.generator.java.util.SetOfSuperFloatPropertyParameterTest
com.pholser.junit.quickcheck.generator.java.util.HashSetGenerator@2d3111a1
Else In hasGeneratorsFor generators
com.pholser.junit.quickcheck.generator.java.util.HashSetGenerator@2d3111a1
In match generators
com.pholser.junit.quickcheck.generator.java.util.HashSetGenerator@2d3111a1
In compose weigghetd fn
typeParameterContexts
1
java.lang.Float
In supertype type parameter
class java.lang.Float
class java.lang.Object
interface java.lang.Comparable
class java.lang.Number
interface java.io.Serializable
class java.lang.Float
class java.lang.Object
interface java.lang.Comparable
class java.lang.Number
interface java.io.Serializable
In choose
5
end choose
java.lang.Float
java.lang.Object
java.lang.Comparable<java.lang.Float>
java.lang.Number
java.io.Serializable
0
addSup func
java.lang.Float
class java.lang.Float
class java.lang.Float
generatorFor
java.util.Set<? super java.lang.Float>
class java.lang.Float
In compose
maybeaddgeneratorsFor
class java.lang.Float
generatorsFor
class java.lang.Float
Matches generators
com.pholser.junit.quickcheck.generator.java.lang.FloatGenerator@3292eff7
In choose
1
java.util.Set<? super java.lang.Float>
com.pholser.junit.quickcheck.generator.java.lang.FloatGenerator@6f2864c3
Else In hasGeneratorsFor generators
com.pholser.junit.quickcheck.generator.java.lang.FloatGenerator@6f2864c3
In match generators
com.pholser.junit.quickcheck.generator.java.lang.FloatGenerator@6f2864c3
In compose weigghetd fn
typeParameterContexts
com.pholser.junit.quickcheck.generator.java.lang.FloatGenerator@6f2864c3
maybeaddgeneratorsFor
class java.lang.Float
generatorsFor
class java.lang.Float
Matches generators
com.pholser.junit.quickcheck.generator.java.lang.FloatGenerator@3292eff7
In choose
1
java.util.Set<? super java.lang.Float>
com.pholser.junit.quickcheck.generator.java.lang.FloatGenerator@50ef2906
Else In hasGeneratorsFor generators
com.pholser.junit.quickcheck.generator.java.lang.FloatGenerator@50ef2906
In match generators
com.pholser.junit.quickcheck.generator.java.lang.FloatGenerator@50ef2906
In compose weigghetd fn
typeParameterContexts
In produce generator
com.pholser.junit.quickcheck.generator.java.util.HashSetGenerator@2d3111a1
Trials
In generate
In size:
1
com.pholser.junit.quickcheck.generator.java.lang.FloatGenerator@50ef2906
In generator type
com.pholser.junit.quickcheck.generator.java.lang.FloatGenerator@50ef2906
Evalue
after Evalue
after generate
Trials
In generate
In size:
2
com.pholser.junit.quickcheck.generator.java.lang.FloatGenerator@50ef2906
In generator type
com.pholser.junit.quickcheck.generator.java.lang.FloatGenerator@50ef2906
Evalue
after Evalue
after generate
Trials
In generate
In size:
3
com.pholser.junit.quickcheck.generator.java.lang.FloatGenerator@50ef2906
In generator type
com.pholser.junit.quickcheck.generator.java.lang.FloatGenerator@50ef2906
Evalue
after Evalue
after generate
[MockitoHint] SetOfSuperFloatPropertyParameterTest.verifyInteractionWithRandomness (see javadoc for MockitoHint):
[MockitoHint] 1. Unused -> at com.pholser.junit.quickcheck.Generating.ints(Generating.java:118)
[MockitoHint] 2. Unused -> at com.pholser.junit.quickcheck.internal.generator.CorePropertyParameterTest.primeSeed(CorePropertyParameterTest.java:111)
[MockitoHint] 3. Unused -> at com.pholser.junit.quickcheck.internal.generator.CorePropertyParameterTest.primeTrials(CorePropertyParameterTest.java:105)

]]></system-out>
  </testcase>
</testsuite>