<?xml version="1.0" encoding="UTF-8"?>
<testsuite xmlns:xsi="http://www.w3.org/2001/XMLSchema-instance" xsi:noNamespaceSchemaLocation="https://maven.apache.org/surefire/maven-surefire-plugin/xsd/surefire-test-report-3.0.xsd" version="3.0" name="com.pholser.junit.quickcheck.generator.java.util.SetOfSuperFloatPropertyParameterTest" time="1.663" tests="1" errors="0" skipped="0" failures="0">
  <properties>
    <property name="awt.toolkit" value="sun.awt.X11.XToolkit"/>
    <property name="nondexStart" value="0"/>
    <property name="java.specification.version" value="11"/>
    <property name="sun.cpu.isalist" value=""/>
    <property name="sun.jnu.encoding" value="UTF-8"/>
    <property name="java.class.path" value="/home/zijie4/cs527/junit-quickcheck/generators/target/test-classes:/home/zijie4/cs527/junit-quickcheck/generators/target/classes:/home/zijie4/.m2/repository/junit/junit/4.13.2/junit-4.13.2.jar:/home/zijie4/.m2/repository/com/pholser/junit-quickcheck-core/1.1-SNAPSHOT/junit-quickcheck-core-1.1-SNAPSHOT.jar:/home/zijie4/.m2/repository/org/javaruntype/javaruntype/1.3/javaruntype-1.3.jar:/home/zijie4/.m2/repository/org/antlr/antlr-runtime/3.1.2/antlr-runtime-3.1.2.jar:/home/zijie4/.m2/repository/ognl/ognl/3.3.4/ognl-3.3.4.jar:/home/zijie4/.m2/repository/org/javassist/javassist/3.29.0-GA/javassist-3.29.0-GA.jar:/home/zijie4/.m2/repository/ru/vyarus/generics-resolver/3.0.3/generics-resolver-3.0.3.jar:/home/zijie4/.m2/repository/org/slf4j/slf4j-api/2.0.7/slf4j-api-2.0.7.jar:/home/zijie4/.m2/repository/org/hamcrest/hamcrest-core/2.2/hamcrest-core-2.2.jar:/home/zijie4/.m2/repository/org/hamcrest/hamcrest/2.2/hamcrest-2.2.jar:/home/zijie4/.m2/repository/org/hamcrest/hamcrest-library/2.2/hamcrest-library-2.2.jar:/home/zijie4/.m2/repository/org/mockito/mockito-core/4.11.0/mockito-core-4.11.0.jar:/home/zijie4/.m2/repository/net/bytebuddy/byte-buddy/1.12.19/byte-buddy-1.12.19.jar:/home/zijie4/.m2/repository/net/bytebuddy/byte-buddy-agent/1.12.19/byte-buddy-agent-1.12.19.jar:/home/zijie4/.m2/repository/org/objenesis/objenesis/3.3/objenesis-3.3.jar:/home/zijie4/.m2/repository/com/google/guava/guava/31.1-jre/guava-31.1-jre.jar:/home/zijie4/.m2/repository/com/google/guava/failureaccess/1.0.1/failureaccess-1.0.1.jar:/home/zijie4/.m2/repository/com/google/guava/listenablefuture/9999.0-empty-to-avoid-conflict-with-guava/listenablefuture-9999.0-empty-to-avoid-conflict-with-guava.jar:/home/zijie4/.m2/repository/com/google/code/findbugs/jsr305/3.0.2/jsr305-3.0.2.jar:/home/zijie4/.m2/repository/org/checkerframework/checker-qual/3.12.0/checker-qual-3.12.0.jar:/home/zijie4/.m2/repository/com/google/errorprone/error_prone_annotations/2.11.0/error_prone_annotations-2.11.0.jar:/home/zijie4/.m2/repository/com/google/j2objc/j2objc-annotations/1.3/j2objc-annotations-1.3.jar:/home/zijie4/.m2/repository/com/google/guava/guava-testlib/31.1-jre/guava-testlib-31.1-jre.jar:/home/zijie4/.m2/repository/ch/qos/logback/logback-classic/1.3.5/logback-classic-1.3.5.jar:/home/zijie4/.m2/repository/ch/qos/logback/logback-core/1.3.5/logback-core-1.3.5.jar:/home/zijie4/.m2/repository/com/pholser/junit-quickcheck-core/1.1-SNAPSHOT/junit-quickcheck-core-1.1-SNAPSHOT-tests.jar:"/>
    <property name="java.vm.vendor" value="Ubuntu"/>
    <property name="nondexPrintstack" value="false"/>
    <property name="sun.arch.data.model" value="64"/>
    <property name="java.vendor.url" value="https://ubuntu.com/"/>
    <property name="nondexRuns" value="10"/>
    <property name="user.timezone" value=""/>
    <property name="java.vm.specification.version" value="11"/>
    <property name="os.name" value="Linux"/>
    <property name="user.country" value="US"/>
    <property name="sun.java.launcher" value="SUN_STANDARD"/>
    <property name="sun.boot.library.path" value="/usr/lib/jvm/java-11-openjdk-amd64/lib"/>
    <property name="sun.java.command" value="/home/zijie4/cs527/junit-quickcheck/generators/target/surefire/surefirebooter-20230828172506641_11.jar /home/zijie4/cs527/junit-quickcheck/generators/target/surefire 2023-08-28T17-25-06_510-jvmRun1 surefire-20230828172506641_9tmp surefire_2-20230828172506641_10tmp"/>
    <property name="nondexLogging" value="CONFIG"/>
    <property name="jdk.debug" value="release"/>
    <property name="surefire.test.class.path" value="/home/zijie4/cs527/junit-quickcheck/generators/target/test-classes:/home/zijie4/cs527/junit-quickcheck/generators/target/classes:/home/zijie4/.m2/repository/junit/junit/4.13.2/junit-4.13.2.jar:/home/zijie4/.m2/repository/com/pholser/junit-quickcheck-core/1.1-SNAPSHOT/junit-quickcheck-core-1.1-SNAPSHOT.jar:/home/zijie4/.m2/repository/org/javaruntype/javaruntype/1.3/javaruntype-1.3.jar:/home/zijie4/.m2/repository/org/antlr/antlr-runtime/3.1.2/antlr-runtime-3.1.2.jar:/home/zijie4/.m2/repository/ognl/ognl/3.3.4/ognl-3.3.4.jar:/home/zijie4/.m2/repository/org/javassist/javassist/3.29.0-GA/javassist-3.29.0-GA.jar:/home/zijie4/.m2/repository/ru/vyarus/generics-resolver/3.0.3/generics-resolver-3.0.3.jar:/home/zijie4/.m2/repository/org/slf4j/slf4j-api/2.0.7/slf4j-api-2.0.7.jar:/home/zijie4/.m2/repository/org/hamcrest/hamcrest-core/2.2/hamcrest-core-2.2.jar:/home/zijie4/.m2/repository/org/hamcrest/hamcrest/2.2/hamcrest-2.2.jar:/home/zijie4/.m2/repository/org/hamcrest/hamcrest-library/2.2/hamcrest-library-2.2.jar:/home/zijie4/.m2/repository/org/mockito/mockito-core/4.11.0/mockito-core-4.11.0.jar:/home/zijie4/.m2/repository/net/bytebuddy/byte-buddy/1.12.19/byte-buddy-1.12.19.jar:/home/zijie4/.m2/repository/net/bytebuddy/byte-buddy-agent/1.12.19/byte-buddy-agent-1.12.19.jar:/home/zijie4/.m2/repository/org/objenesis/objenesis/3.3/objenesis-3.3.jar:/home/zijie4/.m2/repository/com/google/guava/guava/31.1-jre/guava-31.1-jre.jar:/home/zijie4/.m2/repository/com/google/guava/failureaccess/1.0.1/failureaccess-1.0.1.jar:/home/zijie4/.m2/repository/com/google/guava/listenablefuture/9999.0-empty-to-avoid-conflict-with-guava/listenablefuture-9999.0-empty-to-avoid-conflict-with-guava.jar:/home/zijie4/.m2/repository/com/google/code/findbugs/jsr305/3.0.2/jsr305-3.0.2.jar:/home/zijie4/.m2/repository/org/checkerframework/checker-qual/3.12.0/checker-qual-3.12.0.jar:/home/zijie4/.m2/repository/com/google/errorprone/error_prone_annotations/2.11.0/error_prone_annotations-2.11.0.jar:/home/zijie4/.m2/repository/com/google/j2objc/j2objc-annotations/1.3/j2objc-annotations-1.3.jar:/home/zijie4/.m2/repository/com/google/guava/guava-testlib/31.1-jre/guava-testlib-31.1-jre.jar:/home/zijie4/.m2/repository/ch/qos/logback/logback-classic/1.3.5/logback-classic-1.3.5.jar:/home/zijie4/.m2/repository/ch/qos/logback/logback-core/1.3.5/logback-core-1.3.5.jar:/home/zijie4/.m2/repository/com/pholser/junit-quickcheck-core/1.1-SNAPSHOT/junit-quickcheck-core-1.1-SNAPSHOT-tests.jar:"/>
    <property name="test" value="com.pholser.junit.quickcheck.generator.java.util.SetOfSuperFloatPropertyParameterTest#verifyInteractionWithRandomness"/>
    <property name="sun.cpu.endian" value="little"/>
    <property name="nondexExecid" value="Xxt3Vj8JwcjW4Agl8DPsD+uk4Pr+yyhe1e0oxuNtd0="/>
    <property name="user.home" value="/home/zijie4"/>
    <property name="user.language" value="en"/>
    <property name="java.specification.vendor" value="Oracle Corporation"/>
    <property name="java.version.date" value="2023-07-18"/>
    <property name="java.home" value="/usr/lib/jvm/java-11-openjdk-amd64"/>
    <property name="basedir" value="/home/zijie4/cs527/junit-quickcheck/generators"/>
    <property name="file.separator" value="/"/>
    <property name="java.vm.compressedOopsMode" value="32-bit"/>
    <property name="line.separator" value="&#10;"/>
    <property name="nondexEnd" value="9223372036854775807"/>
    <property name="java.specification.name" value="Java Platform API Specification"/>
    <property name="java.vm.specification.vendor" value="Oracle Corporation"/>
    <property name="java.awt.graphicsenv" value="sun.awt.X11GraphicsEnvironment"/>
    <property name="nondexFilter" value=".*"/>
    <property name="nondexSeed" value="933178"/>
    <property name="surefire.real.class.path" value="/home/zijie4/cs527/junit-quickcheck/generators/target/surefire/surefirebooter-20230828172506641_11.jar"/>
    <property name="sun.management.compiler" value="HotSpot 64-Bit Tiered Compilers"/>
    <property name="java.runtime.version" value="11.0.20+8-post-Ubuntu-1ubuntu120.04"/>
    <property name="user.name" value="zijie4"/>
    <property name="path.separator" value=":"/>
    <property name="os.version" value="5.4.0-156-generic"/>
    <property name="java.runtime.name" value="OpenJDK Runtime Environment"/>
    <property name="file.encoding" value="UTF-8"/>
    <property name="java.vm.name" value="OpenJDK 64-Bit Server VM"/>
    <property name="localRepository" value="/home/zijie4/.m2/repository"/>
    <property name="nondexDir" value="/home/zijie4/cs527/junit-quickcheck/generators/.nondex"/>
    <property name="nondexJarDir" value="/home/zijie4/cs527/junit-quickcheck/generators/.nondex"/>
    <property name="java.vendor.url.bug" value="https://bugs.launchpad.net/ubuntu/+source/openjdk-lts"/>
    <property name="java.io.tmpdir" value="/tmp"/>
    <property name="java.version" value="11.0.20"/>
    <property name="user.dir" value="/home/zijie4/cs527/junit-quickcheck/generators"/>
    <property name="os.arch" value="amd64"/>
    <property name="nondexMode" value="FULL"/>
    <property name="java.vm.specification.name" value="Java Virtual Machine Specification"/>
    <property name="java.awt.printerjob" value="sun.print.PSPrinterJob"/>
    <property name="sun.os.patch.level" value="unknown"/>
    <property name="java.library.path" value="/usr/java/packages/lib:/usr/lib/x86_64-linux-gnu/jni:/lib/x86_64-linux-gnu:/usr/lib/x86_64-linux-gnu:/usr/lib/jni:/lib:/usr/lib"/>
    <property name="java.vendor" value="Ubuntu"/>
    <property name="java.vm.info" value="mixed mode"/>
    <property name="java.vm.version" value="11.0.20+8-post-Ubuntu-1ubuntu120.04"/>
    <property name="java.specification.maintenance.version" value="2"/>
    <property name="sun.io.unicode.encoding" value="UnicodeLittle"/>
    <property name="java.class.version" value="55.0"/>
  </properties>
  <testcase name="verifyInteractionWithRandomness" classname="com.pholser.junit.quickcheck.generator.java.util.SetOfSuperFloatPropertyParameterTest" time="1.661">
    <system-out><![CDATA[in floats
TYPE_BEARER
interface java.util.Set
java.util.Set<? super java.lang.Float>
TYPE_BEARER
interface java.util.Set
java.util.Set<? super java.lang.Float>

Trials
In generate
In size:
1
Evalue
after Evalue
after generate
Trials
In generate
In size:
2
Evalue
after Evalue
after generate
Trials
In generate
In size:
3
Evalue
after Evalue
after generate
[MockitoHint] SetOfSuperFloatPropertyParameterTest.verifyInteractionWithRandomness (see javadoc for MockitoHint):
[MockitoHint] 1. Unused -> at com.pholser.junit.quickcheck.Generating.ints(Generating.java:118)
[MockitoHint] 2. Unused -> at com.pholser.junit.quickcheck.internal.generator.CorePropertyParameterTest.primeSeed(CorePropertyParameterTest.java:112)
[MockitoHint] 3. Unused -> at com.pholser.junit.quickcheck.internal.generator.CorePropertyParameterTest.primeTrials(CorePropertyParameterTest.java:106)

]]></system-out>
  </testcase>
</testsuite>